  infoResistances.c
C:\Users\jerjeanelie\OneDrive - Education Vaud\ES\1ere année\PROG\PROG_SLO1_PRJ2_23_24-main\JJE\TEST1_S2_JJE\TEST1_S2_JJE\TEST1_S2_JJE\mainTest1_s2.c(106,29): warning C4013: 'ControlePoidPuissanceR' non défini(e) ; extern retournant int pris par défaut
C:\Users\jerjeanelie\OneDrive - Education Vaud\ES\1ere année\PROG\PROG_SLO1_PRJ2_23_24-main\JJE\TEST1_S2_JJE\TEST1_S2_JJE\TEST1_S2_JJE\mainTest1_s2.c(116,2): warning C4013: 'AfficherValeurResistance' non défini(e) ; extern retournant int pris par défaut
C:\Users\jerjeanelie\OneDrive - Education Vaud\ES\1ere année\PROG\PROG_SLO1_PRJ2_23_24-main\JJE\TEST1_S2_JJE\TEST1_S2_JJE\TEST1_S2_JJE\mainTest1_s2.c(144,14): error C2039: 'poidPuissanceR' n'est pas membre de 's_serieRX'
C:\Users\jerjeanelie\OneDrive - Education Vaud\ES\1ere année\PROG\PROG_SLO1_PRJ2_23_24-main\JJE\TEST1_S2_JJE\TEST1_S2_JJE\TEST1_S2_JJE\infoSeries.h(36): message : voir la déclaration de 's_serieRX'
C:\Users\jerjeanelie\OneDrive - Education Vaud\ES\1ere année\PROG\PROG_SLO1_PRJ2_23_24-main\JJE\TEST1_S2_JJE\TEST1_S2_JJE\TEST1_S2_JJE\mainTest1_s2.c(154,73): error C2039: 'poidPuissanceR' n'est pas membre de 's_serieRX'
C:\Users\jerjeanelie\OneDrive - Education Vaud\ES\1ere année\PROG\PROG_SLO1_PRJ2_23_24-main\JJE\TEST1_S2_JJE\TEST1_S2_JJE\TEST1_S2_JJE\infoSeries.h(36): message : voir la déclaration de 's_serieRX'
C:\Users\jerjeanelie\OneDrive - Education Vaud\ES\1ere année\PROG\PROG_SLO1_PRJ2_23_24-main\JJE\TEST1_S2_JJE\TEST1_S2_JJE\TEST1_S2_JJE\infoResistances.c(33,6): error C2371: 'AfficherValeurResistance' : redéfinition ; types de base différents
C:\Users\jerjeanelie\OneDrive - Education Vaud\ES\1ere année\PROG\PROG_SLO1_PRJ2_23_24-main\JJE\TEST1_S2_JJE\TEST1_S2_JJE\TEST1_S2_JJE\infoResistances.c(48,30): warning C4244: '=' : conversion de 'double' en 'float', perte possible de données
C:\Users\jerjeanelie\OneDrive - Education Vaud\ES\1ere année\PROG\PROG_SLO1_PRJ2_23_24-main\JJE\TEST1_S2_JJE\TEST1_S2_JJE\TEST1_S2_JJE\infoResistances.c(53,30): warning C4244: '=' : conversion de 'double' en 'float', perte possible de données
C:\Users\jerjeanelie\OneDrive - Education Vaud\ES\1ere année\PROG\PROG_SLO1_PRJ2_23_24-main\JJE\TEST1_S2_JJE\TEST1_S2_JJE\TEST1_S2_JJE\infoResistances.c(90,2): warning C4033: 'ControleChoixSerie' doit retourner une valeur
C:\Users\jerjeanelie\OneDrive - Education Vaud\ES\1ere année\PROG\PROG_SLO1_PRJ2_23_24-main\JJE\TEST1_S2_JJE\TEST1_S2_JJE\TEST1_S2_JJE\infoResistances.c(117,2): warning C4033: 'ControleValR' doit retourner une valeur
C:\Users\jerjeanelie\OneDrive - Education Vaud\ES\1ere année\PROG\PROG_SLO1_PRJ2_23_24-main\JJE\TEST1_S2_JJE\TEST1_S2_JJE\TEST1_S2_JJE\infoResistances.c(139,2): warning C4033: 'ControlePoidsPuissanceR' doit retourner une valeur
C:\Users\jerjeanelie\OneDrive - Education Vaud\ES\1ere année\PROG\PROG_SLO1_PRJ2_23_24-main\JJE\TEST1_S2_JJE\TEST1_S2_JJE\TEST1_S2_JJE\infoResistances.c(152,30): error C2143: erreur de syntaxe : absence de ')' avant 'type'
C:\Users\jerjeanelie\OneDrive - Education Vaud\ES\1ere année\PROG\PROG_SLO1_PRJ2_23_24-main\JJE\TEST1_S2_JJE\TEST1_S2_JJE\TEST1_S2_JJE\infoResistances.c(152,21): error C2198: 'pow' : pas assez d'arguments pour un appel
C:\Users\jerjeanelie\OneDrive - Education Vaud\ES\1ere année\PROG\PROG_SLO1_PRJ2_23_24-main\JJE\TEST1_S2_JJE\TEST1_S2_JJE\TEST1_S2_JJE\infoResistances.c(152,34): error C2059: erreur de syntaxe : ')'
  infoUser.c
  mainTest1_s2.c
C:\Users\jerjeanelie\OneDrive - Education Vaud\ES\1ere année\PROG\PROG_SLO1_PRJ2_23_24-main\JJE\TEST1_S2_JJE\TEST1_S2_JJE\TEST1_S2_JJE\mainTest1_s2.c(106,29): warning C4013: 'ControlePoidPuissanceR' non défini(e) ; extern retournant int pris par défaut
C:\Users\jerjeanelie\OneDrive - Education Vaud\ES\1ere année\PROG\PROG_SLO1_PRJ2_23_24-main\JJE\TEST1_S2_JJE\TEST1_S2_JJE\TEST1_S2_JJE\mainTest1_s2.c(116,2): warning C4013: 'AfficherValeurResistance' non défini(e) ; extern retournant int pris par défaut
C:\Users\jerjeanelie\OneDrive - Education Vaud\ES\1ere année\PROG\PROG_SLO1_PRJ2_23_24-main\JJE\TEST1_S2_JJE\TEST1_S2_JJE\TEST1_S2_JJE\mainTest1_s2.c(144,14): error C2039: 'poidPuissanceR' n'est pas membre de 's_serieRX'
C:\Users\jerjeanelie\OneDrive - Education Vaud\ES\1ere année\PROG\PROG_SLO1_PRJ2_23_24-main\JJE\TEST1_S2_JJE\TEST1_S2_JJE\TEST1_S2_JJE\infoSeries.h(36): message : voir la déclaration de 's_serieRX'
C:\Users\jerjeanelie\OneDrive - Education Vaud\ES\1ere année\PROG\PROG_SLO1_PRJ2_23_24-main\JJE\TEST1_S2_JJE\TEST1_S2_JJE\TEST1_S2_JJE\mainTest1_s2.c(154,73): error C2039: 'poidPuissanceR' n'est pas membre de 's_serieRX'
C:\Users\jerjeanelie\OneDrive - Education Vaud\ES\1ere année\PROG\PROG_SLO1_PRJ2_23_24-main\JJE\TEST1_S2_JJE\TEST1_S2_JJE\TEST1_S2_JJE\infoSeries.h(36): message : voir la déclaration de 's_serieRX'
  Génération de code en cours...
C:\Program Files\Microsoft Visual Studio\2022\Community\MSBuild\Microsoft\VC\v170\Microsoft.CppCommon.targets(700,5): error MSB6003: Impossible d'exécuter la tâche exécutable spécifiée "CL.exe". System.IO.IOException: Le processus ne peut pas accéder au fichier 'C:\Users\jerjeanelie\OneDrive - Education Vaud\ES\1ere année\PROG\PROG_SLO1_PRJ2_23_24-main\JJE\TEST1_S2_JJE\TEST1_S2_JJE\TEST1_S2_JJE\x64\Debug\TEST1_S2_JJE.tlog\CL.write.1.tlog', car il est en cours d'utilisation par un autre processus.
C:\Program Files\Microsoft Visual Studio\2022\Community\MSBuild\Microsoft\VC\v170\Microsoft.CppCommon.targets(700,5): error MSB6003:    à System.IO.__Error.WinIOError(Int32 errorCode, String maybeFullPath)
C:\Program Files\Microsoft Visual Studio\2022\Community\MSBuild\Microsoft\VC\v170\Microsoft.CppCommon.targets(700,5): error MSB6003:    à System.IO.FileStream.Init(String path, FileMode mode, FileAccess access, Int32 rights, Boolean useRights, FileShare share, Int32 bufferSize, FileOptions options, SECURITY_ATTRIBUTES secAttrs, String msgPath, Boolean bFromProxy, Boolean useLongPath, Boolean checkHost)
C:\Program Files\Microsoft Visual Studio\2022\Community\MSBuild\Microsoft\VC\v170\Microsoft.CppCommon.targets(700,5): error MSB6003:    à System.IO.FileStream..ctor(String path, FileMode mode, FileAccess access, FileShare share, Int32 bufferSize, FileOptions options, String msgPath, Boolean bFromProxy, Boolean useLongPath, Boolean checkHost)
C:\Program Files\Microsoft Visual Studio\2022\Community\MSBuild\Microsoft\VC\v170\Microsoft.CppCommon.targets(700,5): error MSB6003:    à System.IO.StreamWriter.CreateFile(String path, Boolean append, Boolean checkHost)
C:\Program Files\Microsoft Visual Studio\2022\Community\MSBuild\Microsoft\VC\v170\Microsoft.CppCommon.targets(700,5): error MSB6003:    à System.IO.StreamWriter..ctor(String path, Boolean append, Encoding encoding, Int32 bufferSize, Boolean checkHost)
C:\Program Files\Microsoft Visual Studio\2022\Community\MSBuild\Microsoft\VC\v170\Microsoft.CppCommon.targets(700,5): error MSB6003:    à System.IO.File.InternalWriteAllText(String path, String contents, Encoding encoding, Boolean checkHost)
C:\Program Files\Microsoft Visual Studio\2022\Community\MSBuild\Microsoft\VC\v170\Microsoft.CppCommon.targets(700,5): error MSB6003:    à Microsoft.Build.Utilities.CanonicalTrackedOutputFiles.SaveTlog(DependencyFilter includeInTLog)
C:\Program Files\Microsoft Visual Studio\2022\Community\MSBuild\Microsoft\VC\v170\Microsoft.CppCommon.targets(700,5): error MSB6003:    à Microsoft.Build.CPPTasks.CL.PostExecuteTool(Int32 exitCode)
C:\Program Files\Microsoft Visual Studio\2022\Community\MSBuild\Microsoft\VC\v170\Microsoft.CppCommon.targets(700,5): error MSB6003:    à Microsoft.Build.CPPTasks.TrackedVCToolTask.ExecuteTool(String pathToTool, String responseFileCommands, String commandLineCommands)
C:\Program Files\Microsoft Visual Studio\2022\Community\MSBuild\Microsoft\VC\v170\Microsoft.CppCommon.targets(700,5): error MSB6003:    à Microsoft.Build.Utilities.ToolTask.Execute()
